2024-02-04 12:30:44,663 INFO com.bookbazaar.hub.bookservice.BookServiceApplication [main] Starting BookServiceApplication using Java 11.0.19 on Gouse_pc with PID 14348 (E:\Projects\Imp projects\Book Bazaar\BookBazaarHub\book-service\target\classes started by gouse in E:\Projects\Imp projects\Book Bazaar\BookBazaarHub\book-service)
2024-02-04 12:30:44,666 DEBUG com.bookbazaar.hub.bookservice.BookServiceApplication [main] Running with Spring Boot v2.7.8, Spring v5.3.25
2024-02-04 12:30:44,667 INFO com.bookbazaar.hub.bookservice.BookServiceApplication [main] No active profile set, falling back to 1 default profile: "default"
2024-02-04 12:30:52,355 INFO com.bookbazaar.hub.bookservice.BookServiceApplication [main] Started BookServiceApplication in 8.273 seconds (JVM running for 9.238)
2024-02-04 12:31:09,145 INFO com.bookbazaar.hub.bookservice.controller.BookProcessController [http-nio-8080-exec-2] Request from user for registration : {"id":null,"name":"The Power of Now","description":"A lot of people have missed key opportunities in their lives over the years because they failed to see the power of now. Most people fail to live in the now because they prefer to be fear of what they do not know will happen tomorrow. However, this eBook will be able to help you realize why it is important to free yourself from the fear of tomorrow by shutting down today. The problem with this is that tomorrow will come, and you will live the same way, which will affect your life every single day. Your life should be lived in the now because no one has control of what happens tomorrow. Reading this eBook will help you understand how today stands out and why you need to do all you can to benefit from the now.","authorName":"Eckhart Tolle","category":"Spiritual"}
2024-02-04 12:31:09,256 ERROR org.hibernate.engine.jdbc.spi.SqlExceptionHelper [http-nio-8080-exec-2] Data truncation: Data too long for column 'description' at row 1
2024-02-04 12:31:09,273 ERROR com.bookbazaar.hub.bookservice.service.impl.BookProcessService [http-nio-8080-exec-2] Exception in addBook 
org.springframework.dao.DataIntegrityViolationException: could not execute statement; SQL [n/a]; nested exception is org.hibernate.exception.DataException: could not execute statement
	at org.springframework.orm.jpa.vendor.HibernateJpaDialect.convertHibernateAccessException(HibernateJpaDialect.java:280)
	at org.springframework.orm.jpa.vendor.HibernateJpaDialect.translateExceptionIfPossible(HibernateJpaDialect.java:233)
	at org.springframework.orm.jpa.AbstractEntityManagerFactoryBean.translateExceptionIfPossible(AbstractEntityManagerFactoryBean.java:551)
	at org.springframework.dao.support.ChainedPersistenceExceptionTranslator.translateExceptionIfPossible(ChainedPersistenceExceptionTranslator.java:61)
	at org.springframework.dao.support.DataAccessUtils.translateIfNecessary(DataAccessUtils.java:242)
	at org.springframework.dao.support.PersistenceExceptionTranslationInterceptor.invoke(PersistenceExceptionTranslationInterceptor.java:152)
	at org.springframework.aop.framework.ReflectiveMethodInvocation.proceed(ReflectiveMethodInvocation.java:186)
	at org.springframework.data.jpa.repository.support.CrudMethodMetadataPostProcessor$CrudMethodMetadataPopulatingMethodInterceptor.invoke(CrudMethodMetadataPostProcessor.java:174)
	at org.springframework.aop.framework.ReflectiveMethodInvocation.proceed(ReflectiveMethodInvocation.java:186)
	at org.springframework.aop.interceptor.ExposeInvocationInterceptor.invoke(ExposeInvocationInterceptor.java:97)
	at org.springframework.aop.framework.ReflectiveMethodInvocation.proceed(ReflectiveMethodInvocation.java:186)
	at org.springframework.aop.framework.JdkDynamicAopProxy.invoke(JdkDynamicAopProxy.java:215)
	at com.sun.proxy.$Proxy109.save(Unknown Source)
	at com.bookbazaar.hub.bookservice.service.impl.BookProcessService.addBook(BookProcessService.java:46)
	at com.bookbazaar.hub.bookservice.controller.BookProcessController.addBookToSell(BookProcessController.java:43)
	at java.base/jdk.internal.reflect.NativeMethodAccessorImpl.invoke0(Native Method)
	at java.base/jdk.internal.reflect.NativeMethodAccessorImpl.invoke(NativeMethodAccessorImpl.java:62)
	at java.base/jdk.internal.reflect.DelegatingMethodAccessorImpl.invoke(DelegatingMethodAccessorImpl.java:43)
	at java.base/java.lang.reflect.Method.invoke(Method.java:566)
	at org.springframework.web.method.support.InvocableHandlerMethod.doInvoke(InvocableHandlerMethod.java:205)
	at org.springframework.web.method.support.InvocableHandlerMethod.invokeForRequest(InvocableHandlerMethod.java:150)
	at org.springframework.web.servlet.mvc.method.annotation.ServletInvocableHandlerMethod.invokeAndHandle(ServletInvocableHandlerMethod.java:117)
	at org.springframework.web.servlet.mvc.method.annotation.RequestMappingHandlerAdapter.invokeHandlerMethod(RequestMappingHandlerAdapter.java:895)
	at org.springframework.web.servlet.mvc.method.annotation.RequestMappingHandlerAdapter.handleInternal(RequestMappingHandlerAdapter.java:808)
	at org.springframework.web.servlet.mvc.method.AbstractHandlerMethodAdapter.handle(AbstractHandlerMethodAdapter.java:87)
	at org.springframework.web.servlet.DispatcherServlet.doDispatch(DispatcherServlet.java:1071)
	at org.springframework.web.servlet.DispatcherServlet.doService(DispatcherServlet.java:964)
	at org.springframework.web.servlet.FrameworkServlet.processRequest(FrameworkServlet.java:1006)
	at org.springframework.web.servlet.FrameworkServlet.doPost(FrameworkServlet.java:909)
	at javax.servlet.http.HttpServlet.service(HttpServlet.java:696)
	at org.springframework.web.servlet.FrameworkServlet.service(FrameworkServlet.java:883)
	at javax.servlet.http.HttpServlet.service(HttpServlet.java:779)
	at org.apache.catalina.core.ApplicationFilterChain.internalDoFilter(ApplicationFilterChain.java:227)
	at org.apache.catalina.core.ApplicationFilterChain.doFilter(ApplicationFilterChain.java:162)
	at org.apache.tomcat.websocket.server.WsFilter.doFilter(WsFilter.java:53)
	at org.apache.catalina.core.ApplicationFilterChain.internalDoFilter(ApplicationFilterChain.java:189)
	at org.apache.catalina.core.ApplicationFilterChain.doFilter(ApplicationFilterChain.java:162)
	at org.springframework.web.filter.RequestContextFilter.doFilterInternal(RequestContextFilter.java:100)
	at org.springframework.web.filter.OncePerRequestFilter.doFilter(OncePerRequestFilter.java:117)
	at org.apache.catalina.core.ApplicationFilterChain.internalDoFilter(ApplicationFilterChain.java:189)
	at org.apache.catalina.core.ApplicationFilterChain.doFilter(ApplicationFilterChain.java:162)
	at org.springframework.web.filter.FormContentFilter.doFilterInternal(FormContentFilter.java:93)
	at org.springframework.web.filter.OncePerRequestFilter.doFilter(OncePerRequestFilter.java:117)
	at org.apache.catalina.core.ApplicationFilterChain.internalDoFilter(ApplicationFilterChain.java:189)
	at org.apache.catalina.core.ApplicationFilterChain.doFilter(ApplicationFilterChain.java:162)
	at org.springframework.web.filter.CharacterEncodingFilter.doFilterInternal(CharacterEncodingFilter.java:201)
	at org.springframework.web.filter.OncePerRequestFilter.doFilter(OncePerRequestFilter.java:117)
	at org.apache.catalina.core.ApplicationFilterChain.internalDoFilter(ApplicationFilterChain.java:189)
	at org.apache.catalina.core.ApplicationFilterChain.doFilter(ApplicationFilterChain.java:162)
	at org.apache.catalina.core.StandardWrapperValve.invoke(StandardWrapperValve.java:177)
	at org.apache.catalina.core.StandardContextValve.invoke(StandardContextValve.java:97)
	at org.apache.catalina.authenticator.AuthenticatorBase.invoke(AuthenticatorBase.java:541)
	at org.apache.catalina.core.StandardHostValve.invoke(StandardHostValve.java:135)
	at org.apache.catalina.valves.ErrorReportValve.invoke(ErrorReportValve.java:92)
	at org.apache.catalina.core.StandardEngineValve.invoke(StandardEngineValve.java:78)
	at org.apache.catalina.connector.CoyoteAdapter.service(CoyoteAdapter.java:360)
	at org.apache.coyote.http11.Http11Processor.service(Http11Processor.java:399)
	at org.apache.coyote.AbstractProcessorLight.process(AbstractProcessorLight.java:65)
	at org.apache.coyote.AbstractProtocol$ConnectionHandler.process(AbstractProtocol.java:891)
	at org.apache.tomcat.util.net.NioEndpoint$SocketProcessor.doRun(NioEndpoint.java:1784)
	at org.apache.tomcat.util.net.SocketProcessorBase.run(SocketProcessorBase.java:49)
	at org.apache.tomcat.util.threads.ThreadPoolExecutor.runWorker(ThreadPoolExecutor.java:1191)
	at org.apache.tomcat.util.threads.ThreadPoolExecutor$Worker.run(ThreadPoolExecutor.java:659)
	at org.apache.tomcat.util.threads.TaskThread$WrappingRunnable.run(TaskThread.java:61)
	at java.base/java.lang.Thread.run(Thread.java:834)
Caused by: org.hibernate.exception.DataException: could not execute statement
	at org.hibernate.exception.internal.SQLExceptionTypeDelegate.convert(SQLExceptionTypeDelegate.java:52)
	at org.hibernate.exception.internal.StandardSQLExceptionConverter.convert(StandardSQLExceptionConverter.java:37)
	at org.hibernate.engine.jdbc.spi.SqlExceptionHelper.convert(SqlExceptionHelper.java:113)
	at org.hibernate.engine.jdbc.spi.SqlExceptionHelper.convert(SqlExceptionHelper.java:99)
	at org.hibernate.engine.jdbc.internal.ResultSetReturnImpl.executeUpdate(ResultSetReturnImpl.java:200)
	at org.hibernate.dialect.identity.GetGeneratedKeysDelegate.executeAndExtract(GetGeneratedKeysDelegate.java:58)
	at org.hibernate.id.insert.AbstractReturningDelegate.performInsert(AbstractReturningDelegate.java:43)
	at org.hibernate.persister.entity.AbstractEntityPersister.insert(AbstractEntityPersister.java:3279)
	at org.hibernate.persister.entity.AbstractEntityPersister.insert(AbstractEntityPersister.java:3914)
	at org.hibernate.action.internal.EntityIdentityInsertAction.execute(EntityIdentityInsertAction.java:84)
	at org.hibernate.engine.spi.ActionQueue.execute(ActionQueue.java:645)
	at org.hibernate.engine.spi.ActionQueue.addResolvedEntityInsertAction(ActionQueue.java:282)
	at org.hibernate.engine.spi.ActionQueue.addInsertAction(ActionQueue.java:263)
	at org.hibernate.engine.spi.ActionQueue.addAction(ActionQueue.java:317)
	at org.hibernate.event.internal.AbstractSaveEventListener.addInsertAction(AbstractSaveEventListener.java:329)
	at org.hibernate.event.internal.AbstractSaveEventListener.performSaveOrReplicate(AbstractSaveEventListener.java:286)
	at org.hibernate.event.internal.AbstractSaveEventListener.performSave(AbstractSaveEventListener.java:192)
	at org.hibernate.event.internal.AbstractSaveEventListener.saveWithGeneratedId(AbstractSaveEventListener.java:122)
	at org.hibernate.event.internal.DefaultPersistEventListener.entityIsTransient(DefaultPersistEventListener.java:185)
	at org.hibernate.event.internal.DefaultPersistEventListener.onPersist(DefaultPersistEventListener.java:128)
	at org.hibernate.event.internal.DefaultPersistEventListener.onPersist(DefaultPersistEventListener.java:55)
	at org.hibernate.event.service.internal.EventListenerGroupImpl.fireEventOnEachListener(EventListenerGroupImpl.java:107)
	at org.hibernate.internal.SessionImpl.firePersist(SessionImpl.java:756)
	at org.hibernate.internal.SessionImpl.persist(SessionImpl.java:742)
	at java.base/jdk.internal.reflect.NativeMethodAccessorImpl.invoke0(Native Method)
	at java.base/jdk.internal.reflect.NativeMethodAccessorImpl.invoke(NativeMethodAccessorImpl.java:62)
	at java.base/jdk.internal.reflect.DelegatingMethodAccessorImpl.invoke(DelegatingMethodAccessorImpl.java:43)
	at java.base/java.lang.reflect.Method.invoke(Method.java:566)
	at org.springframework.orm.jpa.ExtendedEntityManagerCreator$ExtendedEntityManagerInvocationHandler.invoke(ExtendedEntityManagerCreator.java:362)
	at com.sun.proxy.$Proxy105.persist(Unknown Source)
	at java.base/jdk.internal.reflect.NativeMethodAccessorImpl.invoke0(Native Method)
	at java.base/jdk.internal.reflect.NativeMethodAccessorImpl.invoke(NativeMethodAccessorImpl.java:62)
	at java.base/jdk.internal.reflect.DelegatingMethodAccessorImpl.invoke(DelegatingMethodAccessorImpl.java:43)
	at java.base/java.lang.reflect.Method.invoke(Method.java:566)
	at org.springframework.orm.jpa.SharedEntityManagerCreator$SharedEntityManagerInvocationHandler.invoke(SharedEntityManagerCreator.java:311)
	at com.sun.proxy.$Proxy105.persist(Unknown Source)
	at org.springframework.data.jpa.repository.support.SimpleJpaRepository.save(SimpleJpaRepository.java:666)
	at java.base/jdk.internal.reflect.NativeMethodAccessorImpl.invoke0(Native Method)
	at java.base/jdk.internal.reflect.NativeMethodAccessorImpl.invoke(NativeMethodAccessorImpl.java:62)
	at java.base/jdk.internal.reflect.DelegatingMethodAccessorImpl.invoke(DelegatingMethodAccessorImpl.java:43)
	at java.base/java.lang.reflect.Method.invoke(Method.java:566)
	at org.springframework.data.repository.core.support.RepositoryMethodInvoker$RepositoryFragmentMethodInvoker.lambda$new$0(RepositoryMethodInvoker.java:289)
	at org.springframework.data.repository.core.support.RepositoryMethodInvoker.doInvoke(RepositoryMethodInvoker.java:137)
	at org.springframework.data.repository.core.support.RepositoryMethodInvoker.invoke(RepositoryMethodInvoker.java:121)
	at org.springframework.data.repository.core.support.RepositoryComposition$RepositoryFragments.invoke(RepositoryComposition.java:530)
	at org.springframework.data.repository.core.support.RepositoryComposition.invoke(RepositoryComposition.java:286)
	at org.springframework.data.repository.core.support.RepositoryFactorySupport$ImplementationMethodExecutionInterceptor.invoke(RepositoryFactorySupport.java:640)
	at org.springframework.aop.framework.ReflectiveMethodInvocation.proceed(ReflectiveMethodInvocation.java:186)
	at org.springframework.data.repository.core.support.QueryExecutorMethodInterceptor.doInvoke(QueryExecutorMethodInterceptor.java:164)
	at org.springframework.data.repository.core.support.QueryExecutorMethodInterceptor.invoke(QueryExecutorMethodInterceptor.java:139)
	at org.springframework.aop.framework.ReflectiveMethodInvocation.proceed(ReflectiveMethodInvocation.java:186)
	at org.springframework.data.projection.DefaultMethodInvokingMethodInterceptor.invoke(DefaultMethodInvokingMethodInterceptor.java:81)
	at org.springframework.aop.framework.ReflectiveMethodInvocation.proceed(ReflectiveMethodInvocation.java:186)
	at org.springframework.transaction.interceptor.TransactionInterceptor$1.proceedWithInvocation(TransactionInterceptor.java:123)
	at org.springframework.transaction.interceptor.TransactionAspectSupport.invokeWithinTransaction(TransactionAspectSupport.java:388)
	at org.springframework.transaction.interceptor.TransactionInterceptor.invoke(TransactionInterceptor.java:119)
	at org.springframework.aop.framework.ReflectiveMethodInvocation.proceed(ReflectiveMethodInvocation.java:186)
	at org.springframework.dao.support.PersistenceExceptionTranslationInterceptor.invoke(PersistenceExceptionTranslationInterceptor.java:137)
	... 59 common frames omitted
Caused by: com.mysql.cj.jdbc.exceptions.MysqlDataTruncation: Data truncation: Data too long for column 'description' at row 1
	at com.mysql.cj.jdbc.exceptions.SQLExceptionsMapping.translateException(SQLExceptionsMapping.java:104)
	at com.mysql.cj.jdbc.ClientPreparedStatement.executeInternal(ClientPreparedStatement.java:916)
	at com.mysql.cj.jdbc.ClientPreparedStatement.executeUpdateInternal(ClientPreparedStatement.java:1061)
	at com.mysql.cj.jdbc.ClientPreparedStatement.executeUpdateInternal(ClientPreparedStatement.java:1009)
	at com.mysql.cj.jdbc.ClientPreparedStatement.executeLargeUpdate(ClientPreparedStatement.java:1320)
	at com.mysql.cj.jdbc.ClientPreparedStatement.executeUpdate(ClientPreparedStatement.java:994)
	at com.zaxxer.hikari.pool.ProxyPreparedStatement.executeUpdate(ProxyPreparedStatement.java:61)
	at com.zaxxer.hikari.pool.HikariProxyPreparedStatement.executeUpdate(HikariProxyPreparedStatement.java)
	at org.hibernate.engine.jdbc.internal.ResultSetReturnImpl.executeUpdate(ResultSetReturnImpl.java:197)
	... 112 common frames omitted
2024-02-04 12:31:09,292 DEBUG com.bookbazaar.hub.bookservice.controller.BookProcessController [http-nio-8080-exec-2] resultNode {"dataObject":{},"errorObject":{}}
2024-02-04 12:32:36,717 INFO com.bookbazaar.hub.bookservice.BookServiceApplication [main] Starting BookServiceApplication using Java 11.0.19 on Gouse_pc with PID 21440 (E:\Projects\Imp projects\Book Bazaar\BookBazaarHub\book-service\target\classes started by gouse in E:\Projects\Imp projects\Book Bazaar\BookBazaarHub\book-service)
2024-02-04 12:32:36,724 DEBUG com.bookbazaar.hub.bookservice.BookServiceApplication [main] Running with Spring Boot v2.7.8, Spring v5.3.25
2024-02-04 12:32:36,726 INFO com.bookbazaar.hub.bookservice.BookServiceApplication [main] No active profile set, falling back to 1 default profile: "default"
2024-02-04 12:32:43,855 INFO com.bookbazaar.hub.bookservice.BookServiceApplication [main] Started BookServiceApplication in 7.694 seconds (JVM running for 8.715)
2024-02-04 12:32:50,496 INFO com.bookbazaar.hub.bookservice.controller.BookProcessController [http-nio-8080-exec-2] Request from user for registration : {"id":null,"name":"The Power of Now","description":"A lot of people have missed key opportunities in their lives over the years because they failed to see the power of now. Most people fail to live in the now because they prefer to be fear of what they do not know will happen tomorrow. However, this eBook will be able to help you realize why it is important to free yourself from the fear of tomorrow by shutting down today. The problem with this is that tomorrow will come, and you will live the same way, which will affect your life every single day. Your life should be lived in the now because no one has control of what happens tomorrow. Reading this eBook will help you understand how today stands out and why you need to do all you can to benefit from the now.","authorName":"Eckhart Tolle","category":"Spiritual"}
2024-02-04 12:32:50,611 ERROR org.hibernate.engine.jdbc.spi.SqlExceptionHelper [http-nio-8080-exec-2] Data truncation: Data too long for column 'description' at row 1
2024-02-04 12:32:50,627 ERROR com.bookbazaar.hub.bookservice.service.impl.BookProcessService [http-nio-8080-exec-2] Exception in addBook 
org.springframework.dao.DataIntegrityViolationException: could not execute statement; SQL [n/a]; nested exception is org.hibernate.exception.DataException: could not execute statement
	at org.springframework.orm.jpa.vendor.HibernateJpaDialect.convertHibernateAccessException(HibernateJpaDialect.java:280)
	at org.springframework.orm.jpa.vendor.HibernateJpaDialect.translateExceptionIfPossible(HibernateJpaDialect.java:233)
	at org.springframework.orm.jpa.AbstractEntityManagerFactoryBean.translateExceptionIfPossible(AbstractEntityManagerFactoryBean.java:551)
	at org.springframework.dao.support.ChainedPersistenceExceptionTranslator.translateExceptionIfPossible(ChainedPersistenceExceptionTranslator.java:61)
	at org.springframework.dao.support.DataAccessUtils.translateIfNecessary(DataAccessUtils.java:242)
	at org.springframework.dao.support.PersistenceExceptionTranslationInterceptor.invoke(PersistenceExceptionTranslationInterceptor.java:152)
	at org.springframework.aop.framework.ReflectiveMethodInvocation.proceed(ReflectiveMethodInvocation.java:186)
	at org.springframework.data.jpa.repository.support.CrudMethodMetadataPostProcessor$CrudMethodMetadataPopulatingMethodInterceptor.invoke(CrudMethodMetadataPostProcessor.java:174)
	at org.springframework.aop.framework.ReflectiveMethodInvocation.proceed(ReflectiveMethodInvocation.java:186)
	at org.springframework.aop.interceptor.ExposeInvocationInterceptor.invoke(ExposeInvocationInterceptor.java:97)
	at org.springframework.aop.framework.ReflectiveMethodInvocation.proceed(ReflectiveMethodInvocation.java:186)
	at org.springframework.aop.framework.JdkDynamicAopProxy.invoke(JdkDynamicAopProxy.java:215)
	at com.sun.proxy.$Proxy110.save(Unknown Source)
	at com.bookbazaar.hub.bookservice.service.impl.BookProcessService.addBook(BookProcessService.java:46)
	at com.bookbazaar.hub.bookservice.controller.BookProcessController.addBookToSell(BookProcessController.java:43)
	at java.base/jdk.internal.reflect.NativeMethodAccessorImpl.invoke0(Native Method)
	at java.base/jdk.internal.reflect.NativeMethodAccessorImpl.invoke(NativeMethodAccessorImpl.java:62)
	at java.base/jdk.internal.reflect.DelegatingMethodAccessorImpl.invoke(DelegatingMethodAccessorImpl.java:43)
	at java.base/java.lang.reflect.Method.invoke(Method.java:566)
	at org.springframework.web.method.support.InvocableHandlerMethod.doInvoke(InvocableHandlerMethod.java:205)
	at org.springframework.web.method.support.InvocableHandlerMethod.invokeForRequest(InvocableHandlerMethod.java:150)
	at org.springframework.web.servlet.mvc.method.annotation.ServletInvocableHandlerMethod.invokeAndHandle(ServletInvocableHandlerMethod.java:117)
	at org.springframework.web.servlet.mvc.method.annotation.RequestMappingHandlerAdapter.invokeHandlerMethod(RequestMappingHandlerAdapter.java:895)
	at org.springframework.web.servlet.mvc.method.annotation.RequestMappingHandlerAdapter.handleInternal(RequestMappingHandlerAdapter.java:808)
	at org.springframework.web.servlet.mvc.method.AbstractHandlerMethodAdapter.handle(AbstractHandlerMethodAdapter.java:87)
	at org.springframework.web.servlet.DispatcherServlet.doDispatch(DispatcherServlet.java:1071)
	at org.springframework.web.servlet.DispatcherServlet.doService(DispatcherServlet.java:964)
	at org.springframework.web.servlet.FrameworkServlet.processRequest(FrameworkServlet.java:1006)
	at org.springframework.web.servlet.FrameworkServlet.doPost(FrameworkServlet.java:909)
	at javax.servlet.http.HttpServlet.service(HttpServlet.java:696)
	at org.springframework.web.servlet.FrameworkServlet.service(FrameworkServlet.java:883)
	at javax.servlet.http.HttpServlet.service(HttpServlet.java:779)
	at org.apache.catalina.core.ApplicationFilterChain.internalDoFilter(ApplicationFilterChain.java:227)
	at org.apache.catalina.core.ApplicationFilterChain.doFilter(ApplicationFilterChain.java:162)
	at org.apache.tomcat.websocket.server.WsFilter.doFilter(WsFilter.java:53)
	at org.apache.catalina.core.ApplicationFilterChain.internalDoFilter(ApplicationFilterChain.java:189)
	at org.apache.catalina.core.ApplicationFilterChain.doFilter(ApplicationFilterChain.java:162)
	at org.springframework.web.filter.RequestContextFilter.doFilterInternal(RequestContextFilter.java:100)
	at org.springframework.web.filter.OncePerRequestFilter.doFilter(OncePerRequestFilter.java:117)
	at org.apache.catalina.core.ApplicationFilterChain.internalDoFilter(ApplicationFilterChain.java:189)
	at org.apache.catalina.core.ApplicationFilterChain.doFilter(ApplicationFilterChain.java:162)
	at org.springframework.web.filter.FormContentFilter.doFilterInternal(FormContentFilter.java:93)
	at org.springframework.web.filter.OncePerRequestFilter.doFilter(OncePerRequestFilter.java:117)
	at org.apache.catalina.core.ApplicationFilterChain.internalDoFilter(ApplicationFilterChain.java:189)
	at org.apache.catalina.core.ApplicationFilterChain.doFilter(ApplicationFilterChain.java:162)
	at org.springframework.web.filter.CharacterEncodingFilter.doFilterInternal(CharacterEncodingFilter.java:201)
	at org.springframework.web.filter.OncePerRequestFilter.doFilter(OncePerRequestFilter.java:117)
	at org.apache.catalina.core.ApplicationFilterChain.internalDoFilter(ApplicationFilterChain.java:189)
	at org.apache.catalina.core.ApplicationFilterChain.doFilter(ApplicationFilterChain.java:162)
	at org.apache.catalina.core.StandardWrapperValve.invoke(StandardWrapperValve.java:177)
	at org.apache.catalina.core.StandardContextValve.invoke(StandardContextValve.java:97)
	at org.apache.catalina.authenticator.AuthenticatorBase.invoke(AuthenticatorBase.java:541)
	at org.apache.catalina.core.StandardHostValve.invoke(StandardHostValve.java:135)
	at org.apache.catalina.valves.ErrorReportValve.invoke(ErrorReportValve.java:92)
	at org.apache.catalina.core.StandardEngineValve.invoke(StandardEngineValve.java:78)
	at org.apache.catalina.connector.CoyoteAdapter.service(CoyoteAdapter.java:360)
	at org.apache.coyote.http11.Http11Processor.service(Http11Processor.java:399)
	at org.apache.coyote.AbstractProcessorLight.process(AbstractProcessorLight.java:65)
	at org.apache.coyote.AbstractProtocol$ConnectionHandler.process(AbstractProtocol.java:891)
	at org.apache.tomcat.util.net.NioEndpoint$SocketProcessor.doRun(NioEndpoint.java:1784)
	at org.apache.tomcat.util.net.SocketProcessorBase.run(SocketProcessorBase.java:49)
	at org.apache.tomcat.util.threads.ThreadPoolExecutor.runWorker(ThreadPoolExecutor.java:1191)
	at org.apache.tomcat.util.threads.ThreadPoolExecutor$Worker.run(ThreadPoolExecutor.java:659)
	at org.apache.tomcat.util.threads.TaskThread$WrappingRunnable.run(TaskThread.java:61)
	at java.base/java.lang.Thread.run(Thread.java:834)
Caused by: org.hibernate.exception.DataException: could not execute statement
	at org.hibernate.exception.internal.SQLExceptionTypeDelegate.convert(SQLExceptionTypeDelegate.java:52)
	at org.hibernate.exception.internal.StandardSQLExceptionConverter.convert(StandardSQLExceptionConverter.java:37)
	at org.hibernate.engine.jdbc.spi.SqlExceptionHelper.convert(SqlExceptionHelper.java:113)
	at org.hibernate.engine.jdbc.spi.SqlExceptionHelper.convert(SqlExceptionHelper.java:99)
	at org.hibernate.engine.jdbc.internal.ResultSetReturnImpl.executeUpdate(ResultSetReturnImpl.java:200)
	at org.hibernate.dialect.identity.GetGeneratedKeysDelegate.executeAndExtract(GetGeneratedKeysDelegate.java:58)
	at org.hibernate.id.insert.AbstractReturningDelegate.performInsert(AbstractReturningDelegate.java:43)
	at org.hibernate.persister.entity.AbstractEntityPersister.insert(AbstractEntityPersister.java:3279)
	at org.hibernate.persister.entity.AbstractEntityPersister.insert(AbstractEntityPersister.java:3914)
	at org.hibernate.action.internal.EntityIdentityInsertAction.execute(EntityIdentityInsertAction.java:84)
	at org.hibernate.engine.spi.ActionQueue.execute(ActionQueue.java:645)
	at org.hibernate.engine.spi.ActionQueue.addResolvedEntityInsertAction(ActionQueue.java:282)
	at org.hibernate.engine.spi.ActionQueue.addInsertAction(ActionQueue.java:263)
	at org.hibernate.engine.spi.ActionQueue.addAction(ActionQueue.java:317)
	at org.hibernate.event.internal.AbstractSaveEventListener.addInsertAction(AbstractSaveEventListener.java:329)
	at org.hibernate.event.internal.AbstractSaveEventListener.performSaveOrReplicate(AbstractSaveEventListener.java:286)
	at org.hibernate.event.internal.AbstractSaveEventListener.performSave(AbstractSaveEventListener.java:192)
	at org.hibernate.event.internal.AbstractSaveEventListener.saveWithGeneratedId(AbstractSaveEventListener.java:122)
	at org.hibernate.event.internal.DefaultPersistEventListener.entityIsTransient(DefaultPersistEventListener.java:185)
	at org.hibernate.event.internal.DefaultPersistEventListener.onPersist(DefaultPersistEventListener.java:128)
	at org.hibernate.event.internal.DefaultPersistEventListener.onPersist(DefaultPersistEventListener.java:55)
	at org.hibernate.event.service.internal.EventListenerGroupImpl.fireEventOnEachListener(EventListenerGroupImpl.java:107)
	at org.hibernate.internal.SessionImpl.firePersist(SessionImpl.java:756)
	at org.hibernate.internal.SessionImpl.persist(SessionImpl.java:742)
	at java.base/jdk.internal.reflect.NativeMethodAccessorImpl.invoke0(Native Method)
	at java.base/jdk.internal.reflect.NativeMethodAccessorImpl.invoke(NativeMethodAccessorImpl.java:62)
	at java.base/jdk.internal.reflect.DelegatingMethodAccessorImpl.invoke(DelegatingMethodAccessorImpl.java:43)
	at java.base/java.lang.reflect.Method.invoke(Method.java:566)
	at org.springframework.orm.jpa.ExtendedEntityManagerCreator$ExtendedEntityManagerInvocationHandler.invoke(ExtendedEntityManagerCreator.java:362)
	at com.sun.proxy.$Proxy106.persist(Unknown Source)
	at java.base/jdk.internal.reflect.NativeMethodAccessorImpl.invoke0(Native Method)
	at java.base/jdk.internal.reflect.NativeMethodAccessorImpl.invoke(NativeMethodAccessorImpl.java:62)
	at java.base/jdk.internal.reflect.DelegatingMethodAccessorImpl.invoke(DelegatingMethodAccessorImpl.java:43)
	at java.base/java.lang.reflect.Method.invoke(Method.java:566)
	at org.springframework.orm.jpa.SharedEntityManagerCreator$SharedEntityManagerInvocationHandler.invoke(SharedEntityManagerCreator.java:311)
	at com.sun.proxy.$Proxy106.persist(Unknown Source)
	at org.springframework.data.jpa.repository.support.SimpleJpaRepository.save(SimpleJpaRepository.java:666)
	at java.base/jdk.internal.reflect.NativeMethodAccessorImpl.invoke0(Native Method)
	at java.base/jdk.internal.reflect.NativeMethodAccessorImpl.invoke(NativeMethodAccessorImpl.java:62)
	at java.base/jdk.internal.reflect.DelegatingMethodAccessorImpl.invoke(DelegatingMethodAccessorImpl.java:43)
	at java.base/java.lang.reflect.Method.invoke(Method.java:566)
	at org.springframework.data.repository.core.support.RepositoryMethodInvoker$RepositoryFragmentMethodInvoker.lambda$new$0(RepositoryMethodInvoker.java:289)
	at org.springframework.data.repository.core.support.RepositoryMethodInvoker.doInvoke(RepositoryMethodInvoker.java:137)
	at org.springframework.data.repository.core.support.RepositoryMethodInvoker.invoke(RepositoryMethodInvoker.java:121)
	at org.springframework.data.repository.core.support.RepositoryComposition$RepositoryFragments.invoke(RepositoryComposition.java:530)
	at org.springframework.data.repository.core.support.RepositoryComposition.invoke(RepositoryComposition.java:286)
	at org.springframework.data.repository.core.support.RepositoryFactorySupport$ImplementationMethodExecutionInterceptor.invoke(RepositoryFactorySupport.java:640)
	at org.springframework.aop.framework.ReflectiveMethodInvocation.proceed(ReflectiveMethodInvocation.java:186)
	at org.springframework.data.repository.core.support.QueryExecutorMethodInterceptor.doInvoke(QueryExecutorMethodInterceptor.java:164)
	at org.springframework.data.repository.core.support.QueryExecutorMethodInterceptor.invoke(QueryExecutorMethodInterceptor.java:139)
	at org.springframework.aop.framework.ReflectiveMethodInvocation.proceed(ReflectiveMethodInvocation.java:186)
	at org.springframework.data.projection.DefaultMethodInvokingMethodInterceptor.invoke(DefaultMethodInvokingMethodInterceptor.java:81)
	at org.springframework.aop.framework.ReflectiveMethodInvocation.proceed(ReflectiveMethodInvocation.java:186)
	at org.springframework.transaction.interceptor.TransactionInterceptor$1.proceedWithInvocation(TransactionInterceptor.java:123)
	at org.springframework.transaction.interceptor.TransactionAspectSupport.invokeWithinTransaction(TransactionAspectSupport.java:388)
	at org.springframework.transaction.interceptor.TransactionInterceptor.invoke(TransactionInterceptor.java:119)
	at org.springframework.aop.framework.ReflectiveMethodInvocation.proceed(ReflectiveMethodInvocation.java:186)
	at org.springframework.dao.support.PersistenceExceptionTranslationInterceptor.invoke(PersistenceExceptionTranslationInterceptor.java:137)
	... 59 common frames omitted
Caused by: com.mysql.cj.jdbc.exceptions.MysqlDataTruncation: Data truncation: Data too long for column 'description' at row 1
	at com.mysql.cj.jdbc.exceptions.SQLExceptionsMapping.translateException(SQLExceptionsMapping.java:104)
	at com.mysql.cj.jdbc.ClientPreparedStatement.executeInternal(ClientPreparedStatement.java:916)
	at com.mysql.cj.jdbc.ClientPreparedStatement.executeUpdateInternal(ClientPreparedStatement.java:1061)
	at com.mysql.cj.jdbc.ClientPreparedStatement.executeUpdateInternal(ClientPreparedStatement.java:1009)
	at com.mysql.cj.jdbc.ClientPreparedStatement.executeLargeUpdate(ClientPreparedStatement.java:1320)
	at com.mysql.cj.jdbc.ClientPreparedStatement.executeUpdate(ClientPreparedStatement.java:994)
	at com.zaxxer.hikari.pool.ProxyPreparedStatement.executeUpdate(ProxyPreparedStatement.java:61)
	at com.zaxxer.hikari.pool.HikariProxyPreparedStatement.executeUpdate(HikariProxyPreparedStatement.java)
	at org.hibernate.engine.jdbc.internal.ResultSetReturnImpl.executeUpdate(ResultSetReturnImpl.java:197)
	... 112 common frames omitted
2024-02-04 12:32:50,645 DEBUG com.bookbazaar.hub.bookservice.controller.BookProcessController [http-nio-8080-exec-2] resultNode {"dataObject":{},"errorObject":{}}
2024-02-04 12:34:32,582 INFO com.bookbazaar.hub.bookservice.BookServiceApplication [main] Starting BookServiceApplication using Java 11.0.19 on Gouse_pc with PID 19824 (E:\Projects\Imp projects\Book Bazaar\BookBazaarHub\book-service\target\classes started by gouse in E:\Projects\Imp projects\Book Bazaar\BookBazaarHub\book-service)
2024-02-04 12:34:32,668 DEBUG com.bookbazaar.hub.bookservice.BookServiceApplication [main] Running with Spring Boot v2.7.8, Spring v5.3.25
2024-02-04 12:34:32,670 INFO com.bookbazaar.hub.bookservice.BookServiceApplication [main] No active profile set, falling back to 1 default profile: "default"
2024-02-04 12:34:40,781 INFO com.bookbazaar.hub.bookservice.BookServiceApplication [main] Started BookServiceApplication in 8.891 seconds (JVM running for 9.829)
2024-02-04 12:34:50,326 INFO com.bookbazaar.hub.bookservice.controller.BookProcessController [http-nio-8080-exec-1] Request from user for registration : {"id":null,"name":"The Power of Now","description":"A lot of people have missed key opportunities in their lives over the years because they failed to see the power of now. Most people fail to live in the now because they prefer to be fear of what they do not know will happen tomorrow. However, this eBook will be able to help you realize why it is important to free yourself from the fear of tomorrow by shutting down today. The problem with this is that tomorrow will come, and you will live the same way, which will affect your life every single day. Your life should be lived in the now because no one has control of what happens tomorrow. Reading this eBook will help you understand how today stands out and why you need to do all you can to benefit from the now.","authorName":"Eckhart Tolle","category":"Spiritual"}
2024-02-04 12:34:50,444 DEBUG com.bookbazaar.hub.bookservice.controller.BookProcessController [http-nio-8080-exec-1] resultNode {"dataObject":{"errorCode":201,"errorReason":"Book added sucessfully!!"},"errorObject":{}}
2024-02-04 12:35:38,609 DEBUG com.bookbazaar.hub.bookservice.controller.BookProcessController [http-nio-8080-exec-3] resultNode {"dataObject":{"booksByCategory":[{"bookId":1,"bookName":"The Power of Now","bookDesc":"A lot of people have missed key opportunities in their lives over the years because they failed to see the power of now. Most people fail to live in the now because they prefer to be fear of what they do not know will happen tomorrow. However, this eBook will be able to help you realize why it is important to free yourself from the fear of tomorrow by shutting down today. The problem with this is that tomorrow will come, and you will live the same way, which will affect your life every single day. Your life should be lived in the now because no one has control of what happens tomorrow. Reading this eBook will help you understand how today stands out and why you need to do all you can to benefit from the now.","bookAuthorName":"Eckhart Tolle","bookCategory":"Spiritual","bookRatingStar":0}]},"errorObject":{}}
2024-02-04 13:52:01,436 INFO com.bookbazaar.hub.bookservice.BookServiceApplication [main] Starting BookServiceApplication using Java 11.0.19 on Gouse_pc with PID 3336 (E:\Projects\Imp projects\Book Bazaar\BookBazaarHub\book-service\target\classes started by gouse in E:\Projects\Imp projects\Book Bazaar\BookBazaarHub\book-service)
2024-02-04 13:52:01,494 DEBUG com.bookbazaar.hub.bookservice.BookServiceApplication [main] Running with Spring Boot v2.7.8, Spring v5.3.25
2024-02-04 13:52:01,496 INFO com.bookbazaar.hub.bookservice.BookServiceApplication [main] No active profile set, falling back to 1 default profile: "default"
2024-02-04 13:52:14,462 INFO com.bookbazaar.hub.bookservice.BookServiceApplication [main] Started BookServiceApplication in 14.17 seconds (JVM running for 17.539)
2024-02-04 13:53:44,407 INFO com.bookbazaar.hub.bookservice.controller.BookProcessController [http-nio-8080-exec-2] Request from user for registration : {"id":null,"name":"The Silent Patient","description":" A psychological thriller about a woman's act of violence against her husband and her subsequent silence.","authorName":"Alex Michaelides","category":"Mystery"}
2024-02-04 13:53:44,665 DEBUG com.bookbazaar.hub.bookservice.controller.BookProcessController [http-nio-8080-exec-2] resultNode {"dataObject":{"errorCode":201,"errorReason":"Book added sucessfully!!"},"errorObject":{}}
2024-02-04 14:04:43,578 INFO com.bookbazaar.hub.bookservice.BookServiceApplication [main] Starting BookServiceApplication using Java 11.0.19 on Gouse_pc with PID 14832 (E:\Projects\Imp projects\Book Bazaar\BookBazaarHub\book-service\target\classes started by gouse in E:\Projects\Imp projects\Book Bazaar\BookBazaarHub\book-service)
2024-02-04 14:04:43,609 DEBUG com.bookbazaar.hub.bookservice.BookServiceApplication [main] Running with Spring Boot v2.7.8, Spring v5.3.25
2024-02-04 14:04:43,611 INFO com.bookbazaar.hub.bookservice.BookServiceApplication [main] No active profile set, falling back to 1 default profile: "default"
2024-02-04 14:04:57,088 INFO com.bookbazaar.hub.bookservice.BookServiceApplication [main] Started BookServiceApplication in 14.769 seconds (JVM running for 16.634)
2024-02-04 14:10:36,051 INFO com.bookbazaar.hub.bookservice.controller.BookProcessController [http-nio-8080-exec-2] Request from user for registration : {"id":null,"name":"The Silent Patient","description":"A psychological thriller about a woman's act of violence against her husband and her subsequent silence.","price":259,"authorName":"Alex Michaelides","category":" Mystery"}
2024-02-04 14:10:36,297 DEBUG com.bookbazaar.hub.bookservice.controller.BookProcessController [http-nio-8080-exec-2] resultNode {"dataObject":{"errorCode":201,"errorReason":"Book added sucessfully!!"},"errorObject":{}}
2024-02-04 14:28:53,028 INFO com.bookbazaar.hub.bookservice.controller.BookProcessController [http-nio-8080-exec-7] Request from user for registration : {"id":null,"name":"Where the Crawdads Sing","description":"violenceA psychological thriller about a woman's act of violence against her husband and her subsequent silence.","price":340,"authorName":" Delia Owens","category":" Mystery"}
2024-02-04 14:28:53,085 DEBUG com.bookbazaar.hub.bookservice.controller.BookProcessController [http-nio-8080-exec-7] resultNode {"dataObject":{"errorCode":201,"errorReason":"Book added sucessfully!!"},"errorObject":{}}
2024-02-04 14:36:19,433 INFO com.bookbazaar.hub.bookservice.controller.BookProcessController [http-nio-8080-exec-10] Request from user for registration : {"id":null,"name":"Educated","description":"A memoir recounting the author's journey from growing up in a strict and abusive household in rural Idaho to earning a PhD from Cambridge University.","price":404,"authorName":"Tara Westover","category":"Biography"}
2024-02-04 14:36:19,454 DEBUG com.bookbazaar.hub.bookservice.controller.BookProcessController [http-nio-8080-exec-10] resultNode {"dataObject":{"errorCode":201,"errorReason":"Book added sucessfully!!"},"errorObject":{}}
2024-02-04 14:42:56,554 INFO com.bookbazaar.hub.bookservice.controller.BookProcessController [http-nio-8080-exec-3] Request from user for registration : {"id":null,"name":"Sapiens","description":"An exploration of the history of the human species from the emergence of Homo sapiens to the present day..","price":581,"authorName":"Yuval Noah Harari","category":"History"}
2024-02-04 14:42:56,613 DEBUG com.bookbazaar.hub.bookservice.controller.BookProcessController [http-nio-8080-exec-3] resultNode {"dataObject":{"errorCode":201,"errorReason":"Book added sucessfully!!"},"errorObject":{}}
2024-02-04 14:47:15,469 INFO com.bookbazaar.hub.bookservice.controller.BookProcessController [http-nio-8080-exec-6] Request from user for registration : {"id":null,"name":"The Great Gatsby","description":"A classic novel set in the Roaring Twenties, exploring themes of wealth, love, and the American Dream.","price":319,"authorName":"F. Scott Fitzgerald","category":"Classic"}
2024-02-04 14:47:15,531 DEBUG com.bookbazaar.hub.bookservice.controller.BookProcessController [http-nio-8080-exec-6] resultNode {"dataObject":{"errorCode":201,"errorReason":"Book added sucessfully!!"},"errorObject":{}}
2024-02-04 14:52:37,340 INFO com.bookbazaar.hub.bookservice.controller.BookProcessController [http-nio-8080-exec-9] Request from user for registration : {"id":null,"name":"Becoming","description":"An intimate memoir by the former First Lady of the United States, chronicling her life, experiences, and journey.","price":488,"authorName":"Michelle Obama","category":"Biography"}
2024-02-04 14:52:37,360 DEBUG com.bookbazaar.hub.bookservice.controller.BookProcessController [http-nio-8080-exec-9] resultNode {"dataObject":{"errorCode":201,"errorReason":"Book added sucessfully!!"},"errorObject":{}}
2024-02-04 14:56:55,768 INFO com.bookbazaar.hub.bookservice.controller.BookProcessController [http-nio-8080-exec-2] Request from user for registration : {"id":null,"name":"The Alchemist","description":"A philosophical novel following the journey of a young Andalusian shepherd named Santiago in search of a worldly treasure..","price":315,"authorName":"Paulo Coelho","category":"Fiction"}
2024-02-04 14:56:55,776 DEBUG com.bookbazaar.hub.bookservice.controller.BookProcessController [http-nio-8080-exec-2] resultNode {"dataObject":{"errorCode":201,"errorReason":"Book added sucessfully!!"},"errorObject":{}}
2024-02-04 15:06:20,543 INFO com.bookbazaar.hub.bookservice.controller.BookProcessController [http-nio-8080-exec-5] Request from user for registration : {"id":null,"name":"The Girl on the Train","description":"A psychological thriller revolving around the lives of three women and the events that unfold after one of them goes missing..","price":339,"authorName":"Paula Hawkins","category":"Mystery"}
2024-02-04 15:06:20,556 DEBUG com.bookbazaar.hub.bookservice.controller.BookProcessController [http-nio-8080-exec-5] resultNode {"dataObject":{"errorCode":201,"errorReason":"Book added sucessfully!!"},"errorObject":{}}
2024-02-04 15:11:46,105 INFO com.bookbazaar.hub.bookservice.controller.BookProcessController [http-nio-8080-exec-8] Request from user for registration : {"id":null,"name":"The Girl on the Train","description":"A classic novel addressing racial injustice in the American South during the 1930s, narrated by Scout Finch..","price":309,"authorName":"by Harper Lee","category":"Classic"}
2024-02-04 15:11:46,119 DEBUG com.bookbazaar.hub.bookservice.controller.BookProcessController [http-nio-8080-exec-8] resultNode {"dataObject":{"errorCode":201,"errorReason":"Book added sucessfully!!"},"errorObject":{}}
2024-02-04 15:16:27,200 INFO com.bookbazaar.hub.bookservice.controller.BookProcessController [http-nio-8080-exec-1] Request from user for registration : {"id":null,"name":"Atomic Habits","description":"A self-help book focusing on the science of habit formation and how tiny changes can lead to remarkable results..","price":463,"authorName":" by James Clear","category":"Productivity"}
2024-02-04 15:16:27,207 DEBUG com.bookbazaar.hub.bookservice.controller.BookProcessController [http-nio-8080-exec-1] resultNode {"dataObject":{"errorCode":201,"errorReason":"Book added sucessfully!!"},"errorObject":{}}
2024-02-04 15:18:21,401 DEBUG com.bookbazaar.hub.bookservice.controller.DashboardControler [http-nio-8080-exec-5] resultNode {"dataObject":{"Mystery":[{"bookId":8,"bookName":"The Girl on the Train","bookDesc":"A psychological thriller revolving around the lives of three women and the events that unfold after one of them goes missing..","price":339,"bookAuthorName":"Paula Hawkins","bookCategory":"Mystery","bookRatingStar":0}],"Biography":[{"bookId":3,"bookName":"Educated","bookDesc":"A memoir recounting the author's journey from growing up in a strict and abusive household in rural Idaho to earning a PhD from Cambridge University.","price":404,"bookAuthorName":"Tara Westover","bookCategory":"Biography","bookRatingStar":0},{"bookId":6,"bookName":"Becoming","bookDesc":"An intimate memoir by the former First Lady of the United States, chronicling her life, experiences, and journey.","price":488,"bookAuthorName":"Michelle Obama","bookCategory":"Biography","bookRatingStar":0}],"Spiritual":[],"Productivity":[{"bookId":10,"bookName":"Atomic Habits","bookDesc":"A self-help book focusing on the science of habit formation and how tiny changes can lead to remarkable results..","price":463,"bookAuthorName":" by James Clear","bookCategory":"Productivity","bookRatingStar":0}]},"errorObject":{}}
2024-02-04 15:30:26,691 DEBUG com.bookbazaar.hub.bookservice.controller.DashboardControler [http-nio-8080-exec-8] resultNode {"dataObject":{"Mystery":[{"bookId":1,"bookName":"The Silent Patient","bookDesc":"A psychological thriller about a woman's act of violence against her husband and her subsequent silence.","price":259,"bookAuthorName":"Alex Michaelides","bookCategory":"Mystery","bookRatingStar":0},{"bookId":2,"bookName":"Where the Crawdads Sing","bookDesc":"A coming-of-age mystery novel set in the marshes of North Carolina, blending romance and a murder investigation.","price":340,"bookAuthorName":"Delia Owens","bookCategory":"Mystery","bookRatingStar":0},{"bookId":8,"bookName":"The Girl on the Train","bookDesc":"A psychological thriller revolving around the lives of three women and the events that unfold after one of them goes missing.","price":339,"bookAuthorName":"Paula Hawkins","bookCategory":"Mystery","bookRatingStar":0}],"Biography":[{"bookId":3,"bookName":"Educated","bookDesc":"A memoir recounting the author's journey from growing up in a strict and abusive household in rural Idaho to earning a PhD from Cambridge University.","price":404,"bookAuthorName":"Tara Westover","bookCategory":"Biography","bookRatingStar":0},{"bookId":6,"bookName":"Becoming","bookDesc":"An intimate memoir by the former First Lady of the United States, chronicling her life, experiences, and journey.","price":488,"bookAuthorName":"Michelle Obama","bookCategory":"Biography","bookRatingStar":0}],"Spiritual":[],"Productivity":[{"bookId":10,"bookName":"Atomic Habits","bookDesc":"A self-help book focusing on the science of habit formation and how tiny changes can lead to remarkable results.","price":463,"bookAuthorName":"James Clear","bookCategory":"Productivity","bookRatingStar":0}]},"errorObject":{}}
